# JRE version: OpenJDK Runtime Environment Temurin-21.0.10+7 (21.0.10+7) (build 21.0.10+7-LTS)
# Java VM: OpenJDK 64-Bit Server VM Temurin-21.0.10+7 (21.0.10+7-LTS, mixed mode, sharing, tiered, compressed oops, compressed class ptrs, parallel gc, windows-amd64)
GC Precious Log:
 CardTable entry size: 512
 CPUs: 12 total, 12 available
 Memory: 7560M
 Large Page Support: Disabled
 NUMA Support: Disabled
 Compressed Oops: Enabled (32-bit)
 Alignments: Space 512K, Generation 512K, Heap 2M
 Heap Min Capacity: 100M
 Heap Initial Capacity: 100M
 Heap Max Capacity: 2G
 Pre-touch: Disabled
 Parallel Workers: 10
Heap:
 PSYoungGen      total 17920K, used 9884K [0x00000000d5580000, 0x00000000d6a80000, 0x0000000100000000)
  eden space 15360K, 62% used [0x00000000d5580000,0x00000000d5ed7338,0x00000000d6480000)
  from space 2560K, 12% used [0x00000000d6700000,0x00000000d6750000,0x00000000d6980000)
  to   space 1024K, 0% used [0x00000000d6980000,0x00000000d6980000,0x00000000d6a80000)
 ParOldGen       total 81920K, used 81451K [0x0000000080000000, 0x0000000085000000, 0x00000000d5580000)
  object space 81920K, 99% used [0x0000000080000000,0x0000000084f8afc8,0x0000000085000000)
 Metaspace       used 67680K, committed 69120K, reserved 1114112K
  class space    used 7961K, committed 8576K, reserved 1048576K
GC Heap History (20 events):
Event: 1240.745 GC heap before
{Heap before GC invocations=39 (full 3):
 PSYoungGen      total 23040K, used 23009K [0x00000000d5580000, 0x00000000d7980000, 0x0000000100000000)
  eden space 20480K, 100% used [0x00000000d5580000,0x00000000d6980000,0x00000000d6980000)
  from space 2560K, 98% used [0x00000000d6980000,0x00000000d6bf8720,0x00000000d6c00000)
  to   space 8192K, 0% used [0x00000000d7180000,0x00000000d7180000,0x00000000d7980000)
 ParOldGen       total 68608K, used 58799K [0x0000000080000000, 0x0000000084300000, 0x00000000d5580000)
  object space 68608K, 85% used [0x0000000080000000,0x000000008396bc10,0x0000000084300000)
 Metaspace       used 65809K, committed 67264K, reserved 1114112K
  class space    used 7789K, committed 8448K, reserved 1048576K
}
Event: 1240.750 GC heap after
{Heap after GC invocations=39 (full 3):
 PSYoungGen      total 26624K, used 5942K [0x00000000d5580000, 0x00000000d7780000, 0x0000000100000000)
  eden space 20480K, 0% used [0x00000000d5580000,0x00000000d5580000,0x00000000d6980000)
  from space 6144K, 96% used [0x00000000d7180000,0x00000000d774daa8,0x00000000d7780000)
  to   space 6656K, 0% used [0x00000000d6a80000,0x00000000d6a80000,0x00000000d7100000)
 ParOldGen       total 68608K, used 60052K [0x0000000080000000, 0x0000000084300000, 0x00000000d5580000)
  object space 68608K, 87% used [0x0000000080000000,0x0000000083aa50d0,0x0000000084300000)
 Metaspace       used 65809K, committed 67264K, reserved 1114112K
  class space    used 7789K, committed 8448K, reserved 1048576K
}
Event: 1242.531 GC heap before
{Heap before GC invocations=40 (full 3):
 PSYoungGen      total 26624K, used 26422K [0x00000000d5580000, 0x00000000d7780000, 0x0000000100000000)
  eden space 20480K, 100% used [0x00000000d5580000,0x00000000d6980000,0x00000000d6980000)
  from space 6144K, 96% used [0x00000000d7180000,0x00000000d774daa8,0x00000000d7780000)
  to   space 6656K, 0% used [0x00000000d6a80000,0x00000000d6a80000,0x00000000d7100000)
 ParOldGen       total 68608K, used 60052K [0x0000000080000000, 0x0000000084300000, 0x00000000d5580000)
  object space 68608K, 87% used [0x0000000080000000,0x0000000083aa50d0,0x0000000084300000)
 Metaspace       used 65854K, committed 67328K, reserved 1114112K
  class space    used 7791K, committed 8448K, reserved 1048576K
}
Event: 1242.536 GC heap after
{Heap after GC invocations=40 (full 3):
 PSYoungGen      total 22528K, used 1921K [0x00000000d5580000, 0x00000000d7200000, 0x0000000100000000)
  eden space 20480K, 0% used [0x00000000d5580000,0x00000000d5580000,0x00000000d6980000)
  from space 2048K, 93% used [0x00000000d6a80000,0x00000000d6c60700,0x00000000d6c80000)
  to   space 3584K, 0% used [0x00000000d6e80000,0x00000000d6e80000,0x00000000d7200000)
 ParOldGen       total 68608K, used 63696K [0x0000000080000000, 0x0000000084300000, 0x00000000d5580000)
  object space 68608K, 92% used [0x0000000080000000,0x0000000083e34300,0x0000000084300000)
 Metaspace       used 65854K, committed 67328K, reserved 1114112K
  class space    used 7791K, committed 8448K, reserved 1048576K
}
Event: 1242.706 GC heap before
{Heap before GC invocations=41 (full 3):
 PSYoungGen      total 22528K, used 22401K [0x00000000d5580000, 0x00000000d7200000, 0x0000000100000000)
  eden space 20480K, 100% used [0x00000000d5580000,0x00000000d6980000,0x00000000d6980000)
  from space 2048K, 93% used [0x00000000d6a80000,0x00000000d6c60700,0x00000000d6c80000)
  to   space 3584K, 0% used [0x00000000d6e80000,0x00000000d6e80000,0x00000000d7200000)
 ParOldGen       total 68608K, used 63696K [0x0000000080000000, 0x0000000084300000, 0x00000000d5580000)
  object space 68608K, 92% used [0x0000000080000000,0x0000000083e34300,0x0000000084300000)
 Metaspace       used 65920K, committed 67456K, reserved 1114112K
  class space    used 7795K, committed 8448K, reserved 1048576K
}
Event: 1242.713 GC heap after
{Heap after GC invocations=41 (full 3):
 PSYoungGen      total 22528K, used 3578K [0x00000000d5580000, 0x00000000d7680000, 0x0000000100000000)
  eden space 18944K, 0% used [0x00000000d5580000,0x00000000d5580000,0x00000000d6800000)
  from space 3584K, 99% used [0x00000000d6e80000,0x00000000d71feaf0,0x00000000d7200000)
  to   space 6656K, 0% used [0x00000000d6800000,0x00000000d6800000,0x00000000d6e80000)
 ParOldGen       total 68608K, used 65704K [0x0000000080000000, 0x0000000084300000, 0x00000000d5580000)
  object space 68608K, 95% used [0x0000000080000000,0x000000008402a300,0x0000000084300000)
 Metaspace       used 65920K, committed 67456K, reserved 1114112K
  class space    used 7795K, committed 8448K, reserved 1048576K
}
Event: 1242.815 GC heap before
{Heap before GC invocations=42 (full 3):
 PSYoungGen      total 22528K, used 22522K [0x00000000d5580000, 0x00000000d7680000, 0x0000000100000000)
  eden space 18944K, 100% used [0x00000000d5580000,0x00000000d6800000,0x00000000d6800000)
  from space 3584K, 99% used [0x00000000d6e80000,0x00000000d71feaf0,0x00000000d7200000)
  to   space 6656K, 0% used [0x00000000d6800000,0x00000000d6800000,0x00000000d6e80000)
 ParOldGen       total 68608K, used 65704K [0x0000000080000000, 0x0000000084300000, 0x00000000d5580000)
  object space 68608K, 95% used [0x0000000080000000,0x000000008402a300,0x0000000084300000)
 Metaspace       used 66020K, committed 67520K, reserved 1114112K
  class space    used 7802K, committed 8448K, reserved 1048576K
}
Event: 1242.822 GC heap after
{Heap after GC invocations=42 (full 3):
 PSYoungGen      total 25600K, used 6330K [0x00000000d5580000, 0x00000000d7500000, 0x0000000100000000)
  eden space 18944K, 0% used [0x00000000d5580000,0x00000000d5580000,0x00000000d6800000)
  from space 6656K, 95% used [0x00000000d6800000,0x00000000d6e2e888,0x00000000d6e80000)
  to   space 6656K, 0% used [0x00000000d6e80000,0x00000000d6e80000,0x00000000d7500000)
 ParOldGen       total 68608K, used 67397K [0x0000000080000000, 0x0000000084300000, 0x00000000d5580000)
  object space 68608K, 98% used [0x0000000080000000,0x00000000841d1768,0x0000000084300000)
 Metaspace       used 66020K, committed 67520K, reserved 1114112K
  class space    used 7802K, committed 8448K, reserved 1048576K
}
Event: 1242.867 GC heap before
{Heap before GC invocations=43 (full 3):
 PSYoungGen      total 25600K, used 25274K [0x00000000d5580000, 0x00000000d7500000, 0x0000000100000000)
  eden space 18944K, 100% used [0x00000000d5580000,0x00000000d6800000,0x00000000d6800000)
  from space 6656K, 95% used [0x00000000d6800000,0x00000000d6e2e888,0x00000000d6e80000)
  to   space 6656K, 0% used [0x00000000d6e80000,0x00000000d6e80000,0x00000000d7500000)
 ParOldGen       total 68608K, used 67397K [0x0000000080000000, 0x0000000084300000, 0x00000000d5580000)
  object space 68608K, 98% used [0x0000000080000000,0x00000000841d1768,0x0000000084300000)
 Metaspace       used 66028K, committed 67520K, reserved 1114112K
  class space    used 7802K, committed 8448K, reserved 1048576K
}
Event: 1242.874 GC heap after
{Heap after GC invocations=43 (full 3):
 PSYoungGen      total 22016K, used 6631K [0x00000000d5580000, 0x00000000d7c00000, 0x0000000100000000)
  eden space 15360K, 0% used [0x00000000d5580000,0x00000000d5580000,0x00000000d6480000)
  from space 6656K, 99% used [0x00000000d6e80000,0x00000000d74f9e58,0x00000000d7500000)
  to   space 10240K, 0% used [0x00000000d6480000,0x00000000d6480000,0x00000000d6e80000)
 ParOldGen       total 70656K, used 70215K [0x0000000080000000, 0x0000000084500000, 0x00000000d5580000)
  object space 70656K, 99% used [0x0000000080000000,0x0000000084491f90,0x0000000084500000)
 Metaspace       used 66028K, committed 67520K, reserved 1114112K
  class space    used 7802K, committed 8448K, reserved 1048576K
}
Event: 1242.896 GC heap before
{Heap before GC invocations=44 (full 3):
 PSYoungGen      total 22016K, used 21965K [0x00000000d5580000, 0x00000000d7c00000, 0x0000000100000000)
  eden space 15360K, 99% used [0x00000000d5580000,0x00000000d6479768,0x00000000d6480000)
  from space 6656K, 99% used [0x00000000d6e80000,0x00000000d74f9e58,0x00000000d7500000)
  to   space 10240K, 0% used [0x00000000d6480000,0x00000000d6480000,0x00000000d6e80000)
 ParOldGen       total 70656K, used 70215K [0x0000000080000000, 0x0000000084500000, 0x00000000d5580000)
  object space 70656K, 99% used [0x0000000080000000,0x0000000084491f90,0x0000000084500000)
 Metaspace       used 66038K, committed 67520K, reserved 1114112K
  class space    used 7802K, committed 8448K, reserved 1048576K
}
Event: 1242.899 GC heap after
{Heap after GC invocations=44 (full 3):
 PSYoungGen      total 16384K, used 848K [0x00000000d5580000, 0x00000000d6f00000, 0x0000000100000000)
  eden space 15360K, 0% used [0x00000000d5580000,0x00000000d5580000,0x00000000d6480000)
  from space 1024K, 82% used [0x00000000d6480000,0x00000000d6554050,0x00000000d6580000)
  to   space 4096K, 0% used [0x00000000d6b00000,0x00000000d6b00000,0x00000000d6f00000)
 ParOldGen       total 72704K, used 72434K [0x0000000080000000, 0x0000000084700000, 0x00000000d5580000)
  object space 72704K, 99% used [0x0000000080000000,0x00000000846bc8d8,0x0000000084700000)
 Metaspace       used 66038K, committed 67520K, reserved 1114112K
  class space    used 7802K, committed 8448K, reserved 1048576K
}
Event: 1243.073 GC heap before
{Heap before GC invocations=45 (full 3):
 PSYoungGen      total 16384K, used 16208K [0x00000000d5580000, 0x00000000d6f00000, 0x0000000100000000)
  eden space 15360K, 100% used [0x00000000d5580000,0x00000000d6480000,0x00000000d6480000)
  from space 1024K, 82% used [0x00000000d6480000,0x00000000d6554050,0x00000000d6580000)
  to   space 4096K, 0% used [0x00000000d6b00000,0x00000000d6b00000,0x00000000d6f00000)
 ParOldGen       total 72704K, used 72434K [0x0000000080000000, 0x0000000084700000, 0x00000000d5580000)
  object space 72704K, 99% used [0x0000000080000000,0x00000000846bc8d8,0x0000000084700000)
 Metaspace       used 66053K, committed 67520K, reserved 1114112K
  class space    used 7803K, committed 8448K, reserved 1048576K
}
Event: 1243.077 GC heap after
{Heap after GC invocations=45 (full 3):
 PSYoungGen      total 18944K, used 3332K [0x00000000d5580000, 0x00000000d6e80000, 0x0000000100000000)
  eden space 15360K, 0% used [0x00000000d5580000,0x00000000d5580000,0x00000000d6480000)
  from space 3584K, 92% used [0x00000000d6b00000,0x00000000d6e41020,0x00000000d6e80000)
  to   space 4096K, 0% used [0x00000000d6680000,0x00000000d6680000,0x00000000d6a80000)
 ParOldGen       total 73216K, used 73157K [0x0000000080000000, 0x0000000084780000, 0x00000000d5580000)
  object space 73216K, 99% used [0x0000000080000000,0x00000000847715c8,0x0000000084780000)
 Metaspace       used 66053K, committed 67520K, reserved 1114112K
  class space    used 7803K, committed 8448K, reserved 1048576K
}
Event: 1243.206 GC heap before
{Heap before GC invocations=46 (full 3):
 PSYoungGen      total 18944K, used 18692K [0x00000000d5580000, 0x00000000d6e80000, 0x0000000100000000)
  eden space 15360K, 100% used [0x00000000d5580000,0x00000000d6480000,0x00000000d6480000)
  from space 3584K, 92% used [0x00000000d6b00000,0x00000000d6e41020,0x00000000d6e80000)
  to   space 4096K, 0% used [0x00000000d6680000,0x00000000d6680000,0x00000000d6a80000)
 ParOldGen       total 73216K, used 73157K [0x0000000080000000, 0x0000000084780000, 0x00000000d5580000)
  object space 73216K, 99% used [0x0000000080000000,0x00000000847715c8,0x0000000084780000)
 Metaspace       used 66054K, committed 67520K, reserved 1114112K
  class space    used 7803K, committed 8448K, reserved 1048576K
}
Event: 1243.211 GC heap after
{Heap after GC invocations=46 (full 3):
 PSYoungGen      total 18944K, used 3561K [0x00000000d5580000, 0x00000000d6c80000, 0x0000000100000000)
  eden space 15360K, 0% used [0x00000000d5580000,0x00000000d5580000,0x00000000d6480000)
  from space 3584K, 99% used [0x00000000d6680000,0x00000000d69fa720,0x00000000d6a00000)
  to   space 2560K, 0% used [0x00000000d6a00000,0x00000000d6a00000,0x00000000d6c80000)
 ParOldGen       total 76800K, used 76372K [0x0000000080000000, 0x0000000084b00000, 0x00000000d5580000)
  object space 76800K, 99% used [0x0000000080000000,0x0000000084a95050,0x0000000084b00000)
 Metaspace       used 66054K, committed 67520K, reserved 1114112K
  class space    used 7803K, committed 8448K, reserved 1048576K
}
Event: 1695.299 GC heap before
{Heap before GC invocations=47 (full 3):
 PSYoungGen      total 18944K, used 18921K [0x00000000d5580000, 0x00000000d6c80000, 0x0000000100000000)
  eden space 15360K, 100% used [0x00000000d5580000,0x00000000d6480000,0x00000000d6480000)
  from space 3584K, 99% used [0x00000000d6680000,0x00000000d69fa720,0x00000000d6a00000)
  to   space 2560K, 0% used [0x00000000d6a00000,0x00000000d6a00000,0x00000000d6c80000)
 ParOldGen       total 76800K, used 76372K [0x0000000080000000, 0x0000000084b00000, 0x00000000d5580000)
  object space 76800K, 99% used [0x0000000080000000,0x0000000084a95050,0x0000000084b00000)
 Metaspace       used 67061K, committed 68544K, reserved 1114112K
  class space    used 7919K, committed 8576K, reserved 1048576K
}
Event: 1695.464 GC heap after
{Heap after GC invocations=47 (full 3):
 PSYoungGen      total 17408K, used 1773K [0x00000000d5580000, 0x00000000d6c00000, 0x0000000100000000)
  eden space 15360K, 0% used [0x00000000d5580000,0x00000000d5580000,0x00000000d6480000)
  from space 2048K, 86% used [0x00000000d6a00000,0x00000000d6bbb588,0x00000000d6c00000)
  to   space 2560K, 0% used [0x00000000d6700000,0x00000000d6700000,0x00000000d6980000)
 ParOldGen       total 79872K, used 79807K [0x0000000080000000, 0x0000000084e00000, 0x00000000d5580000)
  object space 79872K, 99% used [0x0000000080000000,0x0000000084defd88,0x0000000084e00000)
 Metaspace       used 67061K, committed 68544K, reserved 1114112K
  class space    used 7919K, committed 8576K, reserved 1048576K
}
Event: 2055.673 GC heap before
{Heap before GC invocations=48 (full 3):
 PSYoungGen      total 17408K, used 17133K [0x00000000d5580000, 0x00000000d6c00000, 0x0000000100000000)
  eden space 15360K, 100% used [0x00000000d5580000,0x00000000d6480000,0x00000000d6480000)
  from space 2048K, 86% used [0x00000000d6a00000,0x00000000d6bbb588,0x00000000d6c00000)
  to   space 2560K, 0% used [0x00000000d6700000,0x00000000d6700000,0x00000000d6980000)
 ParOldGen       total 79872K, used 79807K [0x0000000080000000, 0x0000000084e00000, 0x00000000d5580000)
  object space 79872K, 99% used [0x0000000080000000,0x0000000084defd88,0x0000000084e00000)
 Metaspace       used 67594K, committed 69056K, reserved 1114112K
  class space    used 7961K, committed 8576K, reserved 1048576K
}
Event: 2056.170 GC heap after
{Heap after GC invocations=48 (full 3):
 PSYoungGen      total 17920K, used 320K [0x00000000d5580000, 0x00000000d6a80000, 0x0000000100000000)
  eden space 15360K, 0% used [0x00000000d5580000,0x00000000d5580000,0x00000000d6480000)
  from space 2560K, 12% used [0x00000000d6700000,0x00000000d6750000,0x00000000d6980000)
  to   space 1024K, 0% used [0x00000000d6980000,0x00000000d6980000,0x00000000d6a80000)
 ParOldGen       total 81920K, used 81451K [0x0000000080000000, 0x0000000085000000, 0x00000000d5580000)
  object space 81920K, 99% used [0x0000000080000000,0x0000000084f8afc8,0x0000000085000000)
 Metaspace       used 67594K, committed 69056K, reserved 1114112K
  class space    used 7961K, committed 8576K, reserved 1048576K
}

